# JRE version: Java(TM) SE Runtime Environment (8.0_144-b01) (build 1.8.0_144-b01)
# Java VM: Java HotSpot(TM) 64-Bit Server VM (25.144-b01 mixed mode windows-amd64 compressed oops)
Heap:
 PSYoungGen      total 381952K, used 34278K [0x00000000e0000000, 0x00000000ffa80000, 0x0000000100000000)
  eden space 242688K, 6% used [0x00000000e0000000,0x00000000e0f73498,0x00000000eed00000)
  from space 139264K, 13% used [0x00000000f7280000,0x00000000f84864d8,0x00000000ffa80000)
  to   space 136704K, 0% used [0x00000000eed00000,0x00000000eed00000,0x00000000f7280000)
 ParOldGen       total 357888K, used 294343K [0x00000000a0000000, 0x00000000b5d80000, 0x00000000e0000000)
  object space 357888K, 82% used [0x00000000a0000000,0x00000000b1f71df0,0x00000000b5d80000)
 Metaspace       used 105430K, capacity 114856K, committed 120600K, reserved 1153024K
  class space    used 13360K, capacity 15472K, committed 16432K, reserved 1048576K
GC Heap History (10 events):
Event: 15541.629 GC heap before
{Heap before GC invocations=57 (full 5):
 PSYoungGen      total 343552K, used 343070K [0x00000000e0000000, 0x0000000100000000, 0x0000000100000000)
  eden space 247808K, 99% used [0x00000000e0000000,0x00000000ef18c828,0x00000000ef200000)
  from space 95744K, 99% used [0x00000000ef200000,0x00000000f4f7b318,0x00000000f4f80000)
  to   space 145920K, 0% used [0x00000000f7180000,0x00000000f7180000,0x0000000100000000)
 ParOldGen       total 357888K, used 206362K [0x00000000a0000000, 0x00000000b5d80000, 0x00000000e0000000)
  object space 357888K, 57% used [0x00000000a0000000,0x00000000ac986818,0x00000000b5d80000)
 Metaspace       used 103982K, capacity 113134K, committed 120600K, reserved 1153024K
  class space    used 13218K, capacity 15234K, committed 16432K, reserved 1048576K
Event: 15541.749 GC heap after
Heap after GC invocations=57 (full 5):
 PSYoungGen      total 371200K, used 89083K [0x00000000e0000000, 0x0000000100000000, 0x0000000100000000)
  eden space 225280K, 0% used [0x00000000e0000000,0x00000000e0000000,0x00000000edc00000)
  from space 145920K, 61% used [0x00000000f7180000,0x00000000fc87ee38,0x0000000100000000)
  to   space 149504K, 0% used [0x00000000edc00000,0x00000000edc00000,0x00000000f6e00000)
 ParOldGen       total 357888K, used 207182K [0x00000000a0000000, 0x00000000b5d80000, 0x00000000e0000000)
  object space 357888K, 57% used [0x00000000a0000000,0x00000000aca538e8,0x00000000b5d80000)
 Metaspace       used 103982K, capacity 113134K, committed 120600K, reserved 1153024K
  class space    used 13218K, capacity 15234K, committed 16432K, reserved 1048576K
}
Event: 15542.009 GC heap before
{Heap before GC invocations=58 (full 5):
 PSYoungGen      total 371200K, used 314363K [0x00000000e0000000, 0x0000000100000000, 0x0000000100000000)
  eden space 225280K, 100% used [0x00000000e0000000,0x00000000edc00000,0x00000000edc00000)
  from space 145920K, 61% used [0x00000000f7180000,0x00000000fc87ee38,0x0000000100000000)
  to   space 149504K, 0% used [0x00000000edc00000,0x00000000edc00000,0x00000000f6e00000)
 ParOldGen       total 357888K, used 207182K [0x00000000a0000000, 0x00000000b5d80000, 0x00000000e0000000)
  object space 357888K, 57% used [0x00000000a0000000,0x00000000aca538e8,0x00000000b5d80000)
 Metaspace       used 104139K, capacity 113282K, committed 120600K, reserved 1153024K
  class space    used 13238K, capacity 15236K, committed 16432K, reserved 1048576K
Event: 15542.116 GC heap after
Heap after GC invocations=58 (full 5):
 PSYoungGen      total 296448K, used 70681K [0x00000000e0000000, 0x00000000ffb80000, 0x0000000100000000)
  eden space 225280K, 0% used [0x00000000e0000000,0x00000000e0000000,0x00000000edc00000)
  from space 71168K, 99% used [0x00000000edc00000,0x00000000f21064e0,0x00000000f2180000)
  to   space 145408K, 0% used [0x00000000f6d80000,0x00000000f6d80000,0x00000000ffb80000)
 ParOldGen       total 357888K, used 224519K [0x00000000a0000000, 0x00000000b5d80000, 0x00000000e0000000)
  object space 357888K, 62% used [0x00000000a0000000,0x00000000adb41fd0,0x00000000b5d80000)
 Metaspace       used 104139K, capacity 113282K, committed 120600K, reserved 1153024K
  class space    used 13238K, capacity 15236K, committed 16432K, reserved 1048576K
}
Event: 15589.191 GC heap before
{Heap before GC invocations=59 (full 5):
 PSYoungGen      total 296448K, used 295961K [0x00000000e0000000, 0x00000000ffb80000, 0x0000000100000000)
  eden space 225280K, 100% used [0x00000000e0000000,0x00000000edc00000,0x00000000edc00000)
  from space 71168K, 99% used [0x00000000edc00000,0x00000000f21064e0,0x00000000f2180000)
  to   space 145408K, 0% used [0x00000000f6d80000,0x00000000f6d80000,0x00000000ffb80000)
 ParOldGen       total 357888K, used 224519K [0x00000000a0000000, 0x00000000b5d80000, 0x00000000e0000000)
  object space 357888K, 62% used [0x00000000a0000000,0x00000000adb41fd0,0x00000000b5d80000)
 Metaspace       used 104955K, capacity 114154K, committed 120600K, reserved 1153024K
  class space    used 13326K, capacity 15380K, committed 16432K, reserved 1048576K
Event: 15589.292 GC heap after
Heap after GC invocations=59 (full 5):
 PSYoungGen      total 380416K, used 44048K [0x00000000e0000000, 0x0000000100000000, 0x0000000100000000)
  eden space 235008K, 0% used [0x00000000e0000000,0x00000000e0000000,0x00000000ee580000)
  from space 145408K, 30% used [0x00000000f6d80000,0x00000000f9884310,0x00000000ffb80000)
  to   space 139264K, 0% used [0x00000000ee580000,0x00000000ee580000,0x00000000f6d80000)
 ParOldGen       total 357888K, used 277359K [0x00000000a0000000, 0x00000000b5d80000, 0x00000000e0000000)
  object space 357888K, 77% used [0x00000000a0000000,0x00000000b0edbe90,0x00000000b5d80000)
 Metaspace       used 104955K, capacity 114154K, committed 120600K, reserved 1153024K
  class space    used 13326K, capacity 15380K, committed 16432K, reserved 1048576K
}
Event: 15594.411 GC heap before
{Heap before GC invocations=60 (full 5):
 PSYoungGen      total 380416K, used 279056K [0x00000000e0000000, 0x0000000100000000, 0x0000000100000000)
  eden space 235008K, 100% used [0x00000000e0000000,0x00000000ee580000,0x00000000ee580000)
  from space 145408K, 30% used [0x00000000f6d80000,0x00000000f9884310,0x00000000ffb80000)
  to   space 139264K, 0% used [0x00000000ee580000,0x00000000ee580000,0x00000000f6d80000)
 ParOldGen       total 357888K, used 277359K [0x00000000a0000000, 0x00000000b5d80000, 0x00000000e0000000)
  object space 357888K, 77% used [0x00000000a0000000,0x00000000b0edbe90,0x00000000b5d80000)
 Metaspace       used 105124K, capacity 114460K, committed 120600K, reserved 1153024K
  class space    used 13334K, capacity 15418K, committed 16432K, reserved 1048576K
Event: 15594.448 GC heap after
Heap after GC invocations=60 (full 5):
 PSYoungGen      total 374272K, used 8400K [0x00000000e0000000, 0x00000000ffb00000, 0x0000000100000000)
  eden space 235008K, 0% used [0x00000000e0000000,0x00000000e0000000,0x00000000ee580000)
  from space 139264K, 6% used [0x00000000ee580000,0x00000000eedb4128,0x00000000f6d80000)
  to   space 139776K, 0% used [0x00000000f7280000,0x00000000f7280000,0x00000000ffb00000)
 ParOldGen       total 357888K, used 293937K [0x00000000a0000000, 0x00000000b5d80000, 0x00000000e0000000)
  object space 357888K, 82% used [0x00000000a0000000,0x00000000b1f0c4d8,0x00000000b5d80000)
 Metaspace       used 105124K, capacity 114460K, committed 120600K, reserved 1153024K
  class space    used 13334K, capacity 15418K, committed 16432K, reserved 1048576K
}
Event: 15833.410 GC heap before
{Heap before GC invocations=61 (full 5):
 PSYoungGen      total 374272K, used 243408K [0x00000000e0000000, 0x00000000ffb00000, 0x0000000100000000)
  eden space 235008K, 100% used [0x00000000e0000000,0x00000000ee580000,0x00000000ee580000)
  from space 139264K, 6% used [0x00000000ee580000,0x00000000eedb4128,0x00000000f6d80000)
  to   space 139776K, 0% used [0x00000000f7280000,0x00000000f7280000,0x00000000ffb00000)
 ParOldGen       total 357888K, used 293937K [0x00000000a0000000, 0x00000000b5d80000, 0x00000000e0000000)
  object space 357888K, 82% used [0x00000000a0000000,0x00000000b1f0c4d8,0x00000000b5d80000)
 Metaspace       used 105422K, capacity 114856K, committed 120600K, reserved 1153024K
  class space    used 13360K, capacity 15472K, committed 16432K, reserved 1048576K
Event: 15833.453 GC heap after
Heap after GC invocations=61 (full 5):
 PSYoungGen      total 381952K, used 18457K [0x00000000e0000000, 0x00000000ffa80000, 0x0000000100000000)
  eden space 242688K, 0% used [0x00000000e0000000,0x00000000e0000000,0x00000000eed00000)
  from space 139264K, 13% used [0x00000000f7280000,0x00000000f84864d8,0x00000000ffa80000)
  to   space 136704K, 0% used [0x00000000eed00000,0x00000000eed00000,0x00000000f7280000)
 ParOldGen       total 357888K, used 294343K [0x00000000a0000000, 0x00000000b5d80000, 0x00000000e0000000)
  object space 357888K, 82% used [0x00000000a0000000,0x00000000b1f71df0,0x00000000b5d80000)
 Metaspace       used 105422K, capacity 114856K, committed 120600K, reserved 1153024K
  class space    used 13360K, capacity 15472K, committed 16432K, reserved 1048576K
}

