# JRE version: Java(TM) SE Runtime Environment (8.0_144-b01) (build 1.8.0_144-b01)
# Java VM: Java HotSpot(TM) 64-Bit Server VM (25.144-b01 mixed mode windows-amd64 compressed oops)
Heap:
 PSYoungGen      total 138240K, used 102929K [0x00000000e0000000, 0x00000000efe00000, 0x0000000100000000)
  eden space 127488K, 80% used [0x00000000e0000000,0x00000000e64846c8,0x00000000e7c80000)
  from space 10752K, 0% used [0x00000000e7c80000,0x00000000e7c80000,0x00000000e8700000)
  to   space 12800K, 0% used [0x00000000ef180000,0x00000000ef180000,0x00000000efe00000)
 ParOldGen       total 64512K, used 18358K [0x00000000a0000000, 0x00000000a3f00000, 0x00000000e0000000)
  object space 64512K, 28% used [0x00000000a0000000,0x00000000a11ed880,0x00000000a3f00000)
 Metaspace       used 41191K, capacity 41912K, committed 42032K, reserved 1085440K
  class space    used 5625K, capacity 5868K, committed 5936K, reserved 1048576K
GC Heap History (10 events):
Event: 3.749 GC heap before
{Heap before GC invocations=5 (full 0):
 PSYoungGen      total 70656K, used 5995K [0x00000000e0000000, 0x00000000e4a00000, 0x0000000100000000)
  eden space 65536K, 1% used [0x00000000e0000000,0x00000000e00ddc90,0x00000000e4000000)
  from space 5120K, 99% used [0x00000000e4500000,0x00000000e49fd020,0x00000000e4a00000)
  to   space 5120K, 0% used [0x00000000e4000000,0x00000000e4000000,0x00000000e4500000)
 ParOldGen       total 86016K, used 7947K [0x00000000a0000000, 0x00000000a5400000, 0x00000000e0000000)
  object space 86016K, 9% used [0x00000000a0000000,0x00000000a07c2d78,0x00000000a5400000)
 Metaspace       used 20889K, capacity 21216K, committed 21296K, reserved 1067008K
  class space    used 2954K, capacity 3081K, committed 3120K, reserved 1048576K
Event: 3.759 GC heap after
Heap after GC invocations=5 (full 0):
 PSYoungGen      total 70656K, used 5092K [0x00000000e0000000, 0x00000000e9500000, 0x0000000100000000)
  eden space 65536K, 0% used [0x00000000e0000000,0x00000000e0000000,0x00000000e4000000)
  from space 5120K, 99% used [0x00000000e4000000,0x00000000e44f9050,0x00000000e4500000)
  to   space 10752K, 0% used [0x00000000e8a80000,0x00000000e8a80000,0x00000000e9500000)
 ParOldGen       total 86016K, used 7955K [0x00000000a0000000, 0x00000000a5400000, 0x00000000e0000000)
  object space 86016K, 9% used [0x00000000a0000000,0x00000000a07c4d78,0x00000000a5400000)
 Metaspace       used 20889K, capacity 21216K, committed 21296K, reserved 1067008K
  class space    used 2954K, capacity 3081K, committed 3120K, reserved 1048576K
}
Event: 3.759 GC heap before
{Heap before GC invocations=6 (full 1):
 PSYoungGen      total 70656K, used 5092K [0x00000000e0000000, 0x00000000e9500000, 0x0000000100000000)
  eden space 65536K, 0% used [0x00000000e0000000,0x00000000e0000000,0x00000000e4000000)
  from space 5120K, 99% used [0x00000000e4000000,0x00000000e44f9050,0x00000000e4500000)
  to   space 10752K, 0% used [0x00000000e8a80000,0x00000000e8a80000,0x00000000e9500000)
 ParOldGen       total 86016K, used 7955K [0x00000000a0000000, 0x00000000a5400000, 0x00000000e0000000)
  object space 86016K, 9% used [0x00000000a0000000,0x00000000a07c4d78,0x00000000a5400000)
 Metaspace       used 20889K, capacity 21216K, committed 21296K, reserved 1067008K
  class space    used 2954K, capacity 3081K, committed 3120K, reserved 1048576K
Event: 3.814 GC heap after
Heap after GC invocations=6 (full 1):
 PSYoungGen      total 70656K, used 0K [0x00000000e0000000, 0x00000000e9500000, 0x0000000100000000)
  eden space 65536K, 0% used [0x00000000e0000000,0x00000000e0000000,0x00000000e4000000)
  from space 5120K, 0% used [0x00000000e4000000,0x00000000e4000000,0x00000000e4500000)
  to   space 10752K, 0% used [0x00000000e8a80000,0x00000000e8a80000,0x00000000e9500000)
 ParOldGen       total 47616K, used 6699K [0x00000000a0000000, 0x00000000a2e80000, 0x00000000e0000000)
  object space 47616K, 14% used [0x00000000a0000000,0x00000000a068af00,0x00000000a2e80000)
 Metaspace       used 20889K, capacity 21216K, committed 21296K, reserved 1067008K
  class space    used 2954K, capacity 3081K, committed 3120K, reserved 1048576K
}
Event: 5.147 GC heap before
{Heap before GC invocations=7 (full 1):
 PSYoungGen      total 70656K, used 65536K [0x00000000e0000000, 0x00000000e9500000, 0x0000000100000000)
  eden space 65536K, 100% used [0x00000000e0000000,0x00000000e4000000,0x00000000e4000000)
  from space 5120K, 0% used [0x00000000e4000000,0x00000000e4000000,0x00000000e4500000)
  to   space 10752K, 0% used [0x00000000e8a80000,0x00000000e8a80000,0x00000000e9500000)
 ParOldGen       total 47616K, used 6699K [0x00000000a0000000, 0x00000000a2e80000, 0x00000000e0000000)
  object space 47616K, 14% used [0x00000000a0000000,0x00000000a068af00,0x00000000a2e80000)
 Metaspace       used 26061K, capacity 26524K, committed 26672K, reserved 1073152K
  class space    used 3653K, capacity 3817K, committed 3888K, reserved 1048576K
Event: 5.156 GC heap after
Heap after GC invocations=7 (full 1):
 PSYoungGen      total 132096K, used 7157K [0x00000000e0000000, 0x00000000e9180000, 0x0000000100000000)
  eden space 124928K, 0% used [0x00000000e0000000,0x00000000e0000000,0x00000000e7a00000)
  from space 7168K, 99% used [0x00000000e8a80000,0x00000000e917d5f0,0x00000000e9180000)
  to   space 10752K, 0% used [0x00000000e7c80000,0x00000000e7c80000,0x00000000e8700000)
 ParOldGen       total 47616K, used 6707K [0x00000000a0000000, 0x00000000a2e80000, 0x00000000e0000000)
  object space 47616K, 14% used [0x00000000a0000000,0x00000000a068cf00,0x00000000a2e80000)
 Metaspace       used 26061K, capacity 26524K, committed 26672K, reserved 1073152K
  class space    used 3653K, capacity 3817K, committed 3888K, reserved 1048576K
}
Event: 7.416 GC heap before
{Heap before GC invocations=8 (full 1):
 PSYoungGen      total 132096K, used 130737K [0x00000000e0000000, 0x00000000e9180000, 0x0000000100000000)
  eden space 124928K, 98% used [0x00000000e0000000,0x00000000e78aee88,0x00000000e7a00000)
  from space 7168K, 99% used [0x00000000e8a80000,0x00000000e917d5f0,0x00000000e9180000)
  to   space 10752K, 0% used [0x00000000e7c80000,0x00000000e7c80000,0x00000000e8700000)
 ParOldGen       total 47616K, used 6707K [0x00000000a0000000, 0x00000000a2e80000, 0x00000000e0000000)
  object space 47616K, 14% used [0x00000000a0000000,0x00000000a068cf00,0x00000000a2e80000)
 Metaspace       used 34850K, capacity 35408K, committed 35496K, reserved 1079296K
  class space    used 4845K, capacity 5102K, committed 5168K, reserved 1048576K
Event: 7.433 GC heap after
Heap after GC invocations=8 (full 1):
 PSYoungGen      total 138240K, used 10736K [0x00000000e0000000, 0x00000000efe00000, 0x0000000100000000)
  eden space 127488K, 0% used [0x00000000e0000000,0x00000000e0000000,0x00000000e7c80000)
  from space 10752K, 99% used [0x00000000e7c80000,0x00000000e86fc278,0x00000000e8700000)
  to   space 12800K, 0% used [0x00000000ef180000,0x00000000ef180000,0x00000000efe00000)
 ParOldGen       total 47616K, used 8037K [0x00000000a0000000, 0x00000000a2e80000, 0x00000000e0000000)
  object space 47616K, 16% used [0x00000000a0000000,0x00000000a07d9648,0x00000000a2e80000)
 Metaspace       used 34850K, capacity 35408K, committed 35496K, reserved 1079296K
  class space    used 4845K, capacity 5102K, committed 5168K, reserved 1048576K
}
Event: 7.433 GC heap before
{Heap before GC invocations=9 (full 2):
 PSYoungGen      total 138240K, used 10736K [0x00000000e0000000, 0x00000000efe00000, 0x0000000100000000)
  eden space 127488K, 0% used [0x00000000e0000000,0x00000000e0000000,0x00000000e7c80000)
  from space 10752K, 99% used [0x00000000e7c80000,0x00000000e86fc278,0x00000000e8700000)
  to   space 12800K, 0% used [0x00000000ef180000,0x00000000ef180000,0x00000000efe00000)
 ParOldGen       total 47616K, used 8037K [0x00000000a0000000, 0x00000000a2e80000, 0x00000000e0000000)
  object space 47616K, 16% used [0x00000000a0000000,0x00000000a07d9648,0x00000000a2e80000)
 Metaspace       used 34850K, capacity 35408K, committed 35496K, reserved 1079296K
  class space    used 4845K, capacity 5102K, committed 5168K, reserved 1048576K
Event: 7.535 GC heap after
Heap after GC invocations=9 (full 2):
 PSYoungGen      total 138240K, used 0K [0x00000000e0000000, 0x00000000efe00000, 0x0000000100000000)
  eden space 127488K, 0% used [0x00000000e0000000,0x00000000e0000000,0x00000000e7c80000)
  from space 10752K, 0% used [0x00000000e7c80000,0x00000000e7c80000,0x00000000e8700000)
  to   space 12800K, 0% used [0x00000000ef180000,0x00000000ef180000,0x00000000efe00000)
 ParOldGen       total 64512K, used 18358K [0x00000000a0000000, 0x00000000a3f00000, 0x00000000e0000000)
  object space 64512K, 28% used [0x00000000a0000000,0x00000000a11ed880,0x00000000a3f00000)
 Metaspace       used 34850K, capacity 35408K, committed 35496K, reserved 1079296K
  class space    used 4845K, capacity 5102K, committed 5168K, reserved 1048576K
}

